[08-05-2023 11:32:52] Optimized file /wp-content/uploads/2023/05/320842997_722602846084542_3857353403181589329_n-920x1150.jpg from 102 KB to 99 KB
[08-05-2023 11:32:53] Optimized file /wp-content/uploads/2023/05/320842997_722602846084542_3857353403181589329_n-575x719.jpg from 44 KB to 42 KB
[08-05-2023 11:32:53] Optimized file /wp-content/uploads/2023/05/320842997_722602846084542_3857353403181589329_n-380x475.jpg from 21 KB to 20 KB
[08-05-2023 11:32:53] Optimized file /wp-content/uploads/2023/05/320842997_722602846084542_3857353403181589329_n-420x525.jpg from 25 KB to 24 KB
[08-05-2023 11:32:54] Optimized file /wp-content/uploads/2023/05/320842997_722602846084542_3857353403181589329_n-800x1000.jpg from 80 KB to 78 KB
[08-05-2023 11:32:54] Optimized file /wp-content/uploads/2023/05/320842997_722602846084542_3857353403181589329_n-100x100.jpg from 2 KB to 1 KB
[08-05-2023 11:32:54] Optimized file /wp-content/uploads/2023/05/320842997_722602846084542_3857353403181589329_n-350x100.jpg from 5 KB to 5 KB
[08-05-2023 11:32:57] Optimized file /wp-content/uploads/2023/05/320881515_881556439925076_8592344122203417459_n.jpg from 94 KB to 92 KB
[08-05-2023 11:32:57] Optimized file /wp-content/uploads/2023/05/320881515_881556439925076_8592344122203417459_n-240x300.jpg from 8 KB to 7 KB
[08-05-2023 11:32:57] Optimized file /wp-content/uploads/2023/05/320881515_881556439925076_8592344122203417459_n-819x1024.jpg from 51 KB to 51 KB
[08-05-2023 11:32:58] Optimized file /wp-content/uploads/2023/05/320881515_881556439925076_8592344122203417459_n-150x150.jpg from 3 KB to 2 KB
[08-05-2023 11:32:58] Optimized file /wp-content/uploads/2023/05/320881515_881556439925076_8592344122203417459_n-768x960.jpg from 46 KB to 46 KB
[08-05-2023 11:32:58] Optimized file /wp-content/uploads/2023/05/320881515_881556439925076_8592344122203417459_n-1229x1536.jpg from 90 KB to 90 KB
[08-05-2023 11:32:59] Optimized file /wp-content/uploads/2023/05/320881515_881556439925076_8592344122203417459_n-1140x1425.jpg from 82 KB to 82 KB
[08-05-2023 11:32:59] Optimized file /wp-content/uploads/2023/05/320881515_881556439925076_8592344122203417459_n-920x1150.jpg from 60 KB to 60 KB
[08-05-2023 11:32:59] Optimized file /wp-content/uploads/2023/05/320881515_881556439925076_8592344122203417459_n-575x719.jpg from 30 KB to 30 KB
[08-05-2023 11:33:00] Optimized file /wp-content/uploads/2023/05/320881515_881556439925076_8592344122203417459_n-380x475.jpg from 16 KB to 15 KB
[08-05-2023 11:33:00] Optimized file /wp-content/uploads/2023/05/320881515_881556439925076_8592344122203417459_n-420x525.jpg from 19 KB to 18 KB
[08-05-2023 11:33:00] Optimized file /wp-content/uploads/2023/05/320881515_881556439925076_8592344122203417459_n-800x1000.jpg from 49 KB to 49 KB
[08-05-2023 11:33:01] Optimized file /wp-content/uploads/2023/05/320881515_881556439925076_8592344122203417459_n-100x100.jpg from 2 KB to 1 KB[08-05-2023 11:33:01] Optimized file /wp-content/uploads/2023/05/320881515_881556439925076_8592344122203417459_n-350x100.jpg from 4 KB to 3 KB
[08-05-2023 11:33:04] Optimized file /wp-content/uploads/2023/05/320655236_658178916050470_7646633645009974850_n.jpg from 159 KB to 147 KB
[08-05-2023 11:33:04] Optimized file /wp-content/uploads/2023/05/320655236_658178916050470_7646633645009974850_n-240x300.jpg from 10 KB to 10 KB
[08-05-2023 11:33:04] Optimized file /wp-content/uploads/2023/05/320655236_658178916050470_7646633645009974850_n-819x1024.jpg from 87 KB to 84 KB
[08-05-2023 11:33:04] Optimized file /wp-content/uploads/2023/05/320655236_658178916050470_7646633645009974850_n-150x150.jpg from 4 KB to 3 KB
[08-05-2023 11:33:05] Optimized file /wp-content/uploads/2023/05/320655236_658178916050470_7646633645009974850_n-768x960.jpg from 78 KB to 75 KB
[08-05-2023 11:33:05] Optimized file /wp-content/uploads/2023/05/320655236_658178916050470_7646633645009974850_n-1229x1536.jpg from 160 KB to 156 KB
[08-05-2023 11:33:06] Optimized file /wp-content/uploads/2023/05/320655236_658178916050470_7646633645009974850_n-1140x1425.jpg from 144 KB to 140 KB
[08-05-2023 11:33:06] Optimized file /wp-content/uploads/2023/05/320655236_658178916050470_7646633645009974850_n-920x1150.jpg from 104 KB to 100 KB
[08-05-2023 11:33:07] Optimized file /wp-content/uploads/2023/05/320655236_658178916050470_7646633645009974850_n-575x719.jpg from 48 KB to 46 KB
[08-05-2023 11:33:07] Optimized file /wp-content/uploads/2023/05/320655236_658178916050470_7646633645009974850_n-380x475.jpg from 24 KB to 23 KB
[08-05-2023 11:33:07] Optimized file /wp-content/uploads/2023/05/320655236_658178916050470_7646633645009974850_n-420x525.jpg from 28 KB to 27 KB
[08-05-2023 11:33:07] Optimized file /wp-content/uploads/2023/05/320655236_658178916050470_7646633645009974850_n-800x1000.jpg from 83 KB to 80 KB
[08-05-2023 11:33:08] Optimized file /wp-content/uploads/2023/05/320655236_658178916050470_7646633645009974850_n-100x100.jpg from 2 KB to 2 KB
[08-05-2023 11:33:08] Optimized file /wp-content/uploads/2023/05/320655236_658178916050470_7646633645009974850_n-350x100.jpg from 5 KB to 4 KB
[08-05-2023 11:33:11] Optimized file /wp-content/uploads/2023/05/320750118_697111455262466_8782683399833443479_n.jpg from 104 KB to 104 KB
[08-05-2023 11:33:11] Optimized file /wp-content/uploads/2023/05/320750118_697111455262466_8782683399833443479_n-240x300.jpg from 9 KB to 8 KB
[08-05-2023 11:33:11] Optimized file /wp-content/uploads/2023/05/320750118_697111455262466_8782683399833443479_n-819x1024.jpg from 57 KB to 57 KB
[08-05-2023 11:33:11] Optimized file /wp-content/uploads/2023/05/320750118_697111455262466_8782683399833443479_n-150x150.jpg from 4 KB to 3 KB
[08-05-2023 11:33:12] Optimized file /wp-content/uploads/2023/05/320750118_697111455262466_8782683399833443479_n-768x960.jpg from 52 KB to 51 KB
[08-05-2023 11:33:12] Optimized file /wp-content/uploads/2023/05/320750118_697111455262466_8782683399833443479_n-1229x1536.jpg from 101 KB to 101 KB
[08-05-2023 11:33:13] Optimized file /wp-content/uploads/2023/05/320750118_697111455262466_8782683399833443479_n-1140x1425.jpg from 92 KB to 92 KB
[08-05-2023 11:33:13] Optimized file /wp-content/uploads/2023/05/320750118_697111455262466_8782683399833443479_n-920x1150.jpg from 67 KB to 66 KB
[08-05-2023 11:33:13] Optimized file /wp-content/uploads/2023/05/320750118_697111455262466_8782683399833443479_n-575x719.jpg from 34 KB to 33 KB
[08-05-2023 11:33:13] Optimized file /wp-content/uploads/2023/05/320750118_697111455262466_8782683399833443479_n-380x475.jpg from 18 KB to 18 KB
[08-05-2023 11:33:14] Optimized file /wp-content/uploads/2023/05/320750118_697111455262466_8782683399833443479_n-420x525.jpg from 21 KB to 21 KB
[08-05-2023 11:33:14] Optimized file /wp-content/uploads/2023/05/320750118_697111455262466_8782683399833443479_n-800x1000.jpg from 55 KB to 54 KB
[08-05-2023 11:33:14] Optimized file /wp-content/uploads/2023/05/320750118_697111455262466_8782683399833443479_n-100x100.jpg from 2 KB to 2 KB
[08-05-2023 11:33:15] Optimized file /wp-content/uploads/2023/05/320750118_697111455262466_8782683399833443479_n-350x100.jpg from 4 KB to 4 KB
[10-05-2023 09:04:51] Optimized file /wp-content/uploads/2023/05/tu.jpg from 252 KB to 167 KB
[10-05-2023 09:04:51] Optimized file /wp-content/uploads/2023/05/tu-300x137.jpg from 6 KB to 6 KB
[10-05-2023 09:04:51] Optimized file /wp-content/uploads/2023/05/tu-1024x468.jpg from 48 KB to 46 KB
[10-05-2023 09:04:52] Optimized file /wp-content/uploads/2023/05/tu-150x150.jpg from 5 KB to 4 KB
[10-05-2023 09:04:52] Optimized file /wp-content/uploads/2023/05/tu-768x351.jpg from 28 KB to 27 KB
[10-05-2023 09:04:52] Optimized file /wp-content/uploads/2023/05/tu-1536x702.jpg from 105 KB to 101 KB
[10-05-2023 09:04:53] Optimized file /wp-content/uploads/2023/05/tu-1140x521.jpg from 59 KB to 57 KB
[10-05-2023 09:04:53] Optimized file /wp-content/uploads/2023/05/tu-920x420.jpg from 39 KB to 38 KB
[10-05-2023 09:04:55] Optimized file /wp-content/uploads/2023/05/tu-575x263.jpg from 17 KB to 17 KB
[10-05-2023 09:04:55] Optimized file /wp-content/uploads/2023/05/tu-380x174.jpg from 9 KB to 8 KB
[10-05-2023 09:04:55] Optimized file /wp-content/uploads/2023/05/tu-420x192.jpg from 10 KB to 10 KB
[10-05-2023 09:04:56] Optimized file /wp-content/uploads/2023/05/tu-800x366.jpg from 30 KB to 29 KB
[10-05-2023 09:04:56] Optimized file /wp-content/uploads/2023/05/tu-100x100.jpg from 3 KB to 2 KB
